Build started 2013/11/12 下午 10:45:42.
Project "C:\Documents and Settings\Yen-an Chen\桌面\Assignment6_GroceryPOS_YenAn.Chen\Assignment6_GroceryPOS_YenAn.Chen\Assignment6_GroceryPOS_YenAn.Chen.vcxproj" on node 2 (build target(s)).
InitializeBuildStatus:
  Creating "Debug\Assignment6_GroceryPOS_YenAn.Chen.unsuccessfulbuild" because "AlwaysCreate" was specified.
ClCompile:
  C:\Program Files\Microsoft Visual Studio 10.0\VC\bin\CL.exe /c /ZI /nologo /W3 /WX- /Od /Oy- /D WIN32 /D _DEBUG /D _CONSOLE /D _UNICODE /D UNICODE /Gm /EHsc /RTC1 /MDd /GS /fp:precise /Zc:wchar_t /Zc:forScope /Fo"Debug\\" /Fd"Debug\vc100.pdb" /Gd /TP /analyze- /errorReport:prompt Assignment6_GroceryPOS_YenAn.Chen.cpp
  Assignment6_GroceryPOS_YenAn.Chen.cpp
ManifestResourceCompile:
  All outputs are up-to-date.
Link:
  C:\Program Files\Microsoft Visual Studio 10.0\VC\bin\link.exe /ERRORREPORT:PROMPT /OUT:"C:\Documents and Settings\Yen-an Chen\桌面\Assignment6_GroceryPOS_YenAn.Chen\Debug\Assignment6_GroceryPOS_YenAn.Chen.exe" /INCREMENTAL /NOLOGO kernel32.lib user32.lib gdi32.lib winspool.lib comdlg32.lib advapi32.lib shell32.lib ole32.lib oleaut32.lib uuid.lib odbc32.lib odbccp32.lib /MANIFEST /ManifestFile:"Debug\Assignment6_GroceryPOS_YenAn.Chen.exe.intermediate.manifest" /MANIFESTUAC:"level='asInvoker' uiAccess='false'" /DEBUG /PDB:"C:\Documents and Settings\Yen-an Chen\桌面\Assignment6_GroceryPOS_YenAn.Chen\Debug\Assignment6_GroceryPOS_YenAn.Chen.pdb" /SUBSYSTEM:CONSOLE /TLBID:1 /DYNAMICBASE /NXCOMPAT /IMPLIB:"C:\Documents and Settings\Yen-an Chen\桌面\Assignment6_GroceryPOS_YenAn.Chen\Debug\Assignment6_GroceryPOS_YenAn.Chen.lib" /MACHINE:X86 Debug\Assignment6_GroceryPOS_YenAn.Chen.exe.embed.manifest.res
  Debug\Assignment6_GroceryPOS_YenAn.Chen.obj
Manifest:
  C:\Program Files\Microsoft SDKs\Windows\v7.0A\bin\mt.exe /nologo /verbose /out:"Debug\Assignment6_GroceryPOS_YenAn.Chen.exe.embed.manifest" /manifest Debug\Assignment6_GroceryPOS_YenAn.Chen.exe.intermediate.manifest
  All outputs are up-to-date.
LinkEmbedManifest:
  All outputs are up-to-date.
  Assignment6_GroceryPOS_YenAn.Chen.vcxproj -> C:\Documents and Settings\Yen-an Chen\桌面\Assignment6_GroceryPOS_YenAn.Chen\Debug\Assignment6_GroceryPOS_YenAn.Chen.exe
FinalizeBuildStatus:
  Deleting file "Debug\Assignment6_GroceryPOS_YenAn.Chen.unsuccessfulbuild".
  Touching "Debug\Assignment6_GroceryPOS_YenAn.Chen.lastbuildstate".
Done Building Project "C:\Documents and Settings\Yen-an Chen\桌面\Assignment6_GroceryPOS_YenAn.Chen\Assignment6_GroceryPOS_YenAn.Chen\Assignment6_GroceryPOS_YenAn.Chen.vcxproj" (build target(s)).

Build succeeded.

Time Elapsed 00:00:03.76
